0 - Wed Nov 15 22:35:46 2023 - Data file opened.
1 - Wed Nov 15 22:35:47 2023 - Data inserted.
2 - Wed Nov 15 22:35:47 2023 - Data inserted.
3 - Wed Nov 15 22:35:47 2023 - Data inserted.
4 - Wed Nov 15 22:35:52 2023 - Data inserted.
5 - Wed Nov 15 22:35:52 2023 - Data file closed.
0 - Wed Nov 15 22:36:08 2023 - Data file opened.
1 - Wed Nov 15 22:36:09 2023 - Data inserted.
2 - Wed Nov 15 22:36:09 2023 - Data inserted.
3 - Wed Nov 15 22:36:09 2023 - Data inserted.
4 - Wed Nov 15 22:36:14 2023 - Data inserted.
5 - Wed Nov 15 22:36:14 2023 - Data file closed.
0 - Wed Nov 15 22:38:18 2023 - Data file opened.
1 - Wed Nov 15 22:38:19 2023 - Data inserted.
2 - Wed Nov 15 22:38:19 2023 - Data inserted.
3 - Wed Nov 15 22:38:19 2023 - Data inserted.
4 - Wed Nov 15 22:38:24 2023 - Data inserted.
5 - Wed Nov 15 22:38:24 2023 - Data file closed.
0 - Thu Nov 16 09:05:36 2023 - Data file opened.
1 - Thu Nov 16 09:05:37 2023 - Data inserted.
2 - Thu Nov 16 09:05:37 2023 - Data inserted.
3 - Thu Nov 16 09:05:37 2023 - Data inserted.
4 - Thu Nov 16 09:05:42 2023 - Data inserted.
5 - Thu Nov 16 09:05:42 2023 - Data file closed.
